#
# There is insufficient memory for the Java Runtime Environment to continue.
# Native memory allocation (malloc) failed to allocate 1373136 bytes for Chunk::new
# Possible reasons:
#   The system is out of physical RAM or swap space
#   The process is running with CompressedOops enabled, and the Java Heap may be blocking the growth of the native heap
# Possible solutions:
#   Reduce memory load on the system
#   Increase physical memory or swap space
#   Check if swap backing store is full
#   Decrease Java heap size (-Xmx/-Xms)
#   Decrease number of Java threads
#   Decrease Java thread stack sizes (-Xss)
#   Set larger code cache with -XX:ReservedCodeCacheSize=
#   JVM is running with Unscaled Compressed Oops mode in which the Java heap is
#     placed in the first 4GB address space. The Java Heap base address is the
#     maximum limit for the native heap growth. Please use -XX:HeapBaseMinAddress
#     to set the Java Heap base and to place the Java Heap above 4GB virtual address.
# This output file may be truncated or incomplete.
#
#  Out of Memory Error (allocation.cpp:389), pid=6540, tid=0x0000000000004404
#
# JRE version: OpenJDK Runtime Environment (8.0_242-b01) (build 1.8.0_242-release-1644-b01)
# Java VM: OpenJDK 64-Bit Server VM (25.242-b01 mixed mode windows-amd64 compressed oops)
# Failed to write core dump. Minidumps are not enabled by default on client versions of Windows
#

---------------  T H R E A D  ---------------

Current thread (0x00000000196e2000):  JavaThread "C2 CompilerThread2" daemon [_thread_in_native, id=17412, stack(0x000000001a1a0000,0x000000001a2a0000)]

Stack: [0x000000001a1a0000,0x000000001a2a0000]
[error occurred during error reporting (printing stack bounds), id 0xc0000005]

Native frames: (J=compiled Java code, j=interpreted, Vv=VM code, C=native code)


Current CompileTask:
C2:  17143 8689       4       org.gradle.internal.snapshot.SnapshotUtil::getMetadataFromChildren (317 bytes)


---------------  P R O C E S S  ---------------

Java Threads: ( => current thread )
  0x000000001e66a000 JavaThread "stdout" [_thread_in_native, id=14616, stack(0x0000000027c60000,0x0000000027d60000)]
  0x000000001e664000 JavaThread "stderr" [_thread_in_native, id=8736, stack(0x0000000027960000,0x0000000027a60000)]
  0x000000001e666800 JavaThread "pool-2-thread-1" [_thread_blocked, id=244, stack(0x0000000027860000,0x0000000027960000)]
  0x000000001e665800 JavaThread "WorkerExecutor Queue" [_thread_blocked, id=10112, stack(0x0000000027760000,0x0000000027860000)]
  0x000000001e663800 JavaThread "Cache worker for execution history cache (C:\Users\HARMAN\KhaltiHotel\.gradle\6.1.1\executionHistory)" [_thread_blocked, id=18680, stack(0x0000000027660000,0x0000000027760000)]
  0x000000001e667000 JavaThread "Execution worker for ':' Thread 7" [_thread_blocked, id=14276, stack(0x0000000027360000,0x0000000027460000)]
  0x000000001e668000 JavaThread "Execution worker for ':' Thread 6" [_thread_blocked, id=3732, stack(0x0000000027260000,0x0000000027360000)]
  0x000000001e76b000 JavaThread "Execution worker for ':' Thread 5" [_thread_blocked, id=2180, stack(0x0000000027160000,0x0000000027260000)]
  0x000000001e76a000 JavaThread "Execution worker for ':' Thread 4" [_thread_blocked, id=15876, stack(0x0000000027060000,0x0000000027160000)]
  0x000000001e76c800 JavaThread "Execution worker for ':' Thread 3" [_thread_blocked, id=1424, stack(0x0000000026f60000,0x0000000027060000)]
  0x000000001e768800 JavaThread "Execution worker for ':' Thread 2" [_thread_in_vm, id=10872, stack(0x0000000026e60000,0x0000000026f60000)]
  0x000000001e769800 JavaThread "Execution worker for ':'" [_thread_blocked, id=8188, stack(0x0000000026d60000,0x0000000026e60000)]
  0x000000001e76b800 JavaThread "Cache worker for file content cache (C:\Users\HARMAN\KhaltiHotel\.gradle\6.1.1\fileContent)" [_thread_blocked, id=988, stack(0x0000000025610000,0x0000000025710000)]
  0x000000001e76d000 JavaThread "Cache worker for file content cache (C:\Users\HARMAN\.gradle\caches\6.1.1\fileContent)" [_thread_blocked, id=2064, stack(0x0000000025410000,0x0000000025510000)]
  0x000000001e761000 JavaThread "Memory manager" [_thread_blocked, id=10640, stack(0x0000000025310000,0x0000000025410000)]
  0x000000001e760000 JavaThread "Cache worker for Build Output Cleanup Cache (C:\Users\HARMAN\KhaltiHotel\.gradle\buildOutputCleanup)" [_thread_blocked, id=11700, stack(0x0000000024a10000,0x0000000024b10000)]
  0x000000001e767000 JavaThread "pool-1-thread-1" [_thread_blocked, id=15160, stack(0x0000000024710000,0x0000000024810000)]
  0x000000001e765000 JavaThread "Build operations Thread 8" [_thread_blocked, id=14524, stack(0x0000000024210000,0x0000000024310000)]
  0x000000001e761800 JavaThread "Build operations Thread 7" [_thread_blocked, id=10592, stack(0x0000000024110000,0x0000000024210000)]
  0x000000001e75f800 JavaThread "Build operations Thread 6" [_thread_blocked, id=4440, stack(0x0000000024010000,0x0000000024110000)]
  0x000000001e75e800 JavaThread "Build operations Thread 5" [_thread_blocked, id=17832, stack(0x0000000023f10000,0x0000000024010000)]
  0x000000001e765800 JavaThread "Build operations Thread 4" [_thread_blocked, id=12528, stack(0x0000000023e10000,0x0000000023f10000)]
  0x000000001e764000 JavaThread "Build operations Thread 3" [_thread_blocked, id=15900, stack(0x0000000023d10000,0x0000000023e10000)]
  0x000000001e75e000 JavaThread "Build operations Thread 2" [_thread_blocked, id=15008, stack(0x0000000022b60000,0x0000000022c60000)]
  0x000000001e763000 JavaThread "Build operations" [_thread_blocked, id=16572, stack(0x00000000227c0000,0x00000000228c0000)]
  0x000000001b3d2800 JavaThread "Cache worker for execution history cache (C:\Users\HARMAN\.gradle\caches\6.1.1\executionHistory)" [_thread_blocked, id=7864, stack(0x0000000021a50000,0x0000000021b50000)]
  0x000000001b3d1000 JavaThread "Cache worker for cache directory md-rule (C:\Users\HARMAN\.gradle\caches\6.1.1\md-rule)" [_thread_blocked, id=18964, stack(0x0000000021950000,0x0000000021a50000)]
  0x000000001b3d0000 JavaThread "Cache worker for cache directory md-supplier (C:\Users\HARMAN\.gradle\caches\6.1.1\md-supplier)" [_thread_blocked, id=13120, stack(0x0000000021850000,0x0000000021950000)]
  0x000000001b3d7000 JavaThread "Cache worker for file hash cache (C:\Users\HARMAN\KhaltiHotel\.gradle\6.1.1\fileHashes)" [_thread_blocked, id=12276, stack(0x00000000205c0000,0x00000000206c0000)]
  0x000000001b3d1800 JavaThread "Cache worker for checksums cache (C:\Users\HARMAN\KhaltiHotel\.gradle\checksums)" [_thread_blocked, id=16128, stack(0x0000000021750000,0x0000000021850000)]
  0x000000001b3d4800 JavaThread "Cache worker for file hash cache (C:\Users\HARMAN\.gradle\caches\6.1.1\fileHashes)" [_thread_blocked, id=18860, stack(0x000000001e080000,0x000000001e180000)]
  0x000000001b3d6000 JavaThread "File lock request listener" [_thread_in_native, id=13220, stack(0x000000001df80000,0x000000001e080000)]
  0x000000001a7f3800 JavaThread "Cache worker for journal cache (C:\Users\HARMAN\.gradle\caches\journal-1)" [_thread_blocked, id=13640, stack(0x000000001de80000,0x000000001df80000)]
  0x000000001c1c5800 JavaThread "Thread-9" [_thread_blocked, id=2156, stack(0x000000001db80000,0x000000001dc80000)]
  0x000000001c1c2000 JavaThread "Stdin handler" [_thread_blocked, id=12168, stack(0x000000001da80000,0x000000001db80000)]
  0x000000001c1bf000 JavaThread "Asynchronous log dispatcher for DefaultDaemonConnection: socket connection from /127.0.0.1:62734 to /127.0.0.1:62735" [_thread_blocked, id=5596, stack(0x000000001d980000,0x000000001da80000)]
  0x000000001c15c000 JavaThread "Daemon worker" [_thread_blocked, id=14244, stack(0x000000001d880000,0x000000001d980000)]
  0x000000001c157000 JavaThread "Cancel handler" [_thread_blocked, id=5968, stack(0x000000001d780000,0x000000001d880000)]
  0x000000001c166000 JavaThread "Handler for socket connection from /127.0.0.1:62734 to /127.0.0.1:62735" [_thread_in_native, id=15944, stack(0x000000001d480000,0x000000001d580000)]
  0x000000001c0b8800 JavaThread "Daemon" [_thread_blocked, id=13684, stack(0x000000001d380000,0x000000001d480000)]
  0x000000001c0b7800 JavaThread "Daemon periodic checks" [_thread_blocked, id=14664, stack(0x000000001d280000,0x000000001d380000)]
  0x000000001c0b6000 JavaThread "Incoming local TCP Connector on port 62734" [_thread_in_native, id=17768, stack(0x000000001d040000,0x000000001d140000)]
  0x000000001988b000 JavaThread "Daemon health stats" [_thread_blocked, id=18152, stack(0x000000001cd40000,0x000000001ce40000)]
  0x00000000197cf000 JavaThread "Service Thread" daemon [_thread_blocked, id=7528, stack(0x000000001a3a0000,0x000000001a4a0000)]
  0x00000000178cd000 JavaThread "C1 CompilerThread3" daemon [_thread_blocked, id=8288, stack(0x000000001a2a0000,0x000000001a3a0000)]
=>0x00000000196e2000 JavaThread "C2 CompilerThread2" daemon [_thread_in_native, id=17412, stack(0x000000001a1a0000,0x000000001a2a0000)]
  0x00000000196e0800 JavaThread "C2 CompilerThread1" daemon [_thread_blocked, id=3980, stack(0x000000001a0a0000,0x000000001a1a0000)]
  0x00000000196dd000 JavaThread "C2 CompilerThread0" daemon [_thread_blocked, id=18600, stack(0x0000000019fa0000,0x000000001a0a0000)]
  0x00000000196db000 JavaThread "Attach Listener" daemon [_thread_blocked, id=5868, stack(0x0000000019ea0000,0x0000000019fa0000)]
  0x0000000019738000 JavaThread "Signal Dispatcher" daemon [_thread_blocked, id=6068, stack(0x0000000019da0000,0x0000000019ea0000)]
  0x000000000274d800 JavaThread "Finalizer" daemon [_thread_blocked, id=18836, stack(0x0000000019ba0000,0x0000000019ca0000)]
  0x00000000178bc000 JavaThread "Reference Handler" daemon [_thread_blocked, id=19060, stack(0x0000000019aa0000,0x0000000019ba0000)]
  0x000000000284e000 JavaThread "main" [_thread_blocked, id=17388, stack(0x00000000021d0000,0x00000000022d0000)]

Other Threads:
  0x00000000178b8000 VMThread [stack: 0x00000000195a0000,0x00000000196a0000] [id=1292]
  0x00000000197d0000 WatcherThread [stack: 0x000000001a4a0000,0x000000001a5a0000] [id=8004]

VM state:not at safepoint (normal execution)

VM Mutex/Monitor currently owned by a thread: None

heap address: 0x0000000080000000, size: 2048 MB, Compressed Oops mode: 32-bit
Narrow klass base: 0x0000000000000000, Narrow klass shift: 3
Compressed class space size: 1073741824 Address: 0x0000000100000000

Heap:
 PSYoungGen      total 184832K, used 165725K [0x00000000d5580000, 0x00000000e3c00000, 0x0000000100000000)
  eden space 166912K, 90% used [0x00000000d5580000,0x00000000de98c5e0,0x00000000df880000)
  from space 17920K, 78% used [0x00000000df880000,0x00000000e064af40,0x00000000e0a00000)
  to   space 18944K, 0% used [0x00000000e2980000,0x00000000e2980000,0x00000000e3c00000)
 ParOldGen       total 89600K, used 29968K [0x0000000080000000, 0x0000000085780000, 0x00000000d5580000)
  object space 89600K, 33% used [0x0000000080000000,0x0000000081d44300,0x0000000085780000)
 Metaspace       used 66236K, capacity 69498K, committed 69680K, reserved 1110016K
  class space    used 9107K, capacity 9762K, committed 9776K, reserved 1048576K

Card table byte_map: [0x0000000011c10000,0x0000000012020000] byte_map_base: 0x0000000011810000

Marking Bits: (ParMarkBitMap*) 0x0000000067c9f030
 Begin Bits: [0x0000000012ad0000, 0x0000000014ad0000)
 End Bits:   [0x0000000014ad0000, 0x0000000016ad0000)

Polling page: 0x0000000000970000

CodeCache: size=245760Kb used=24412Kb max_used=24439Kb free=221347Kb
 bounds [0x0000000002850000, 0x0000000004050000, 0x0000000011850000]
 total_blobs=8444 nmethods=7640 adapters=716
 compilation: enabled

Compilation events (10 events):
Event: 16.949 Thread 0x00000000178cd000 nmethod 8701 0x000000000402a850 code [0x000000000402a9e0, 0x000000000402adb8]
Event: 16.951 Thread 0x00000000196dd000 8702       4       java.util.HashSet::<init> (18 bytes)
Event: 16.954 Thread 0x00000000196dd000 nmethod 8702 0x0000000004028cd0 code [0x0000000004028e20, 0x0000000004029098]
Event: 17.076 Thread 0x00000000196e0800 nmethod 8682 0x0000000004036510 code [0x0000000004036ca0, 0x000000000403bc58]
Event: 17.116 Thread 0x00000000178cd000 8703       3       kotlin.reflect.jvm.internal.impl.name.FqNameUnsafe::<init> (28 bytes)
Event: 17.116 Thread 0x00000000178cd000 nmethod 8703 0x000000000402a090 code [0x000000000402a200, 0x000000000402a488]
Event: 17.128 Thread 0x00000000178cd000 8704       3       kotlin.reflect.jvm.internal.impl.name.FqNameUnsafe::hashCode (8 bytes)
Event: 17.128 Thread 0x00000000178cd000 nmethod 8704 0x0000000004029c50 code [0x0000000004029dc0, 0x0000000004029fc8]
Event: 17.129 Thread 0x00000000178cd000 8705       3       kotlin.reflect.jvm.internal.ReflectProperties::lazySoft (14 bytes)
Event: 17.130 Thread 0x00000000178cd000 nmethod 8705 0x0000000004029690 code [0x0000000004029820, 0x0000000004029b28]

GC Heap History (10 events):
Event: 9.534 GC heap before
{Heap before GC invocations=12 (full 2):
 PSYoungGen      total 115200K, used 103424K [0x00000000d5580000, 0x00000000dfa80000, 0x0000000100000000)
  eden space 103424K, 100% used [0x00000000d5580000,0x00000000dba80000,0x00000000dba80000)
  from space 11776K, 0% used [0x00000000dba80000,0x00000000dba80000,0x00000000dc600000)
  to   space 11776K, 0% used [0x00000000def00000,0x00000000def00000,0x00000000dfa80000)
 ParOldGen       total 89600K, used 15573K [0x0000000080000000, 0x0000000085780000, 0x00000000d5580000)
  object space 89600K, 17% used [0x0000000080000000,0x0000000080f35470,0x0000000085780000)
 Metaspace       used 43471K, capacity 44812K, committed 44976K, reserved 1087488K
  class space    used 5908K, capacity 6256K, committed 6320K, reserved 1048576K
Event: 9.547 GC heap after
Heap after GC invocations=12 (full 2):
 PSYoungGen      total 143872K, used 11749K [0x00000000d5580000, 0x00000000dfa80000, 0x0000000100000000)
  eden space 132096K, 0% used [0x00000000d5580000,0x00000000d5580000,0x00000000dd680000)
  from space 11776K, 99% used [0x00000000def00000,0x00000000dfa796c8,0x00000000dfa80000)
  to   space 13312K, 0% used [0x00000000de080000,0x00000000de080000,0x00000000ded80000)
 ParOldGen       total 89600K, used 16286K [0x0000000080000000, 0x0000000085780000, 0x00000000d5580000)
  object space 89600K, 18% used [0x0000000080000000,0x0000000080fe7a00,0x0000000085780000)
 Metaspace       used 43471K, capacity 44812K, committed 44976K, reserved 1087488K
  class space    used 5908K, capacity 6256K, committed 6320K, reserved 1048576K
}
Event: 11.663 GC heap before
{Heap before GC invocations=13 (full 2):
 PSYoungGen      total 143872K, used 143845K [0x00000000d5580000, 0x00000000dfa80000, 0x0000000100000000)
  eden space 132096K, 100% used [0x00000000d5580000,0x00000000dd680000,0x00000000dd680000)
  from space 11776K, 99% used [0x00000000def00000,0x00000000dfa796c8,0x00000000dfa80000)
  to   space 13312K, 0% used [0x00000000de080000,0x00000000de080000,0x00000000ded80000)
 ParOldGen       total 89600K, used 16286K [0x0000000080000000, 0x0000000085780000, 0x00000000d5580000)
  object space 89600K, 18% used [0x0000000080000000,0x0000000080fe7a00,0x0000000085780000)
 Metaspace       used 54392K, capacity 56324K, committed 56624K, reserved 1097728K
  class space    used 7418K, capacity 7903K, committed 7984K, reserved 1048576K
Event: 11.683 GC heap after
Heap after GC invocations=13 (full 2):
 PSYoungGen      total 155648K, used 13294K [0x00000000d5580000, 0x00000000e1b80000, 0x0000000100000000)
  eden space 142336K, 0% used [0x00000000d5580000,0x00000000d5580000,0x00000000de080000)
  from space 13312K, 99% used [0x00000000de080000,0x00000000ded7bac0,0x00000000ded80000)
  to   space 17920K, 0% used [0x00000000e0a00000,0x00000000e0a00000,0x00000000e1b80000)
 ParOldGen       total 89600K, used 24704K [0x0000000080000000, 0x0000000085780000, 0x00000000d5580000)
  object space 89600K, 27% used [0x0000000080000000,0x0000000081820190,0x0000000085780000)
 Metaspace       used 54392K, capacity 56324K, committed 56624K, reserved 1097728K
  class space    used 7418K, capacity 7903K, committed 7984K, reserved 1048576K
}
Event: 12.120 GC heap before
{Heap before GC invocations=14 (full 2):
 PSYoungGen      total 155648K, used 44984K [0x00000000d5580000, 0x00000000e1b80000, 0x0000000100000000)
  eden space 142336K, 22% used [0x00000000d5580000,0x00000000d74728b8,0x00000000de080000)
  from space 13312K, 99% used [0x00000000de080000,0x00000000ded7bac0,0x00000000ded80000)
  to   space 17920K, 0% used [0x00000000e0a00000,0x00000000e0a00000,0x00000000e1b80000)
 ParOldGen       total 89600K, used 24704K [0x0000000080000000, 0x0000000085780000, 0x00000000d5580000)
  object space 89600K, 27% used [0x0000000080000000,0x0000000081820190,0x0000000085780000)
 Metaspace       used 57110K, capacity 59074K, committed 59160K, reserved 1099776K
  class space    used 7836K, capacity 8314K, committed 8368K, reserved 1048576K
Event: 12.133 GC heap after
Heap after GC invocations=14 (full 2):
 PSYoungGen      total 184832K, used 3439K [0x00000000d5580000, 0x00000000e2c80000, 0x0000000100000000)
  eden space 166912K, 0% used [0x00000000d5580000,0x00000000d5580000,0x00000000df880000)
  from space 17920K, 19% used [0x00000000e0a00000,0x00000000e0d5be88,0x00000000e1b80000)
  to   space 17920K, 0% used [0x00000000df880000,0x00000000df880000,0x00000000e0a00000)
 ParOldGen       total 89600K, used 33590K [0x0000000080000000, 0x0000000085780000, 0x00000000d5580000)
  object space 89600K, 37% used [0x0000000080000000,0x00000000820cd8f8,0x0000000085780000)
 Metaspace       used 57110K, capacity 59074K, committed 59160K, reserved 1099776K
  class space    used 7836K, capacity 8314K, committed 8368K, reserved 1048576K
}
Event: 12.133 GC heap before
{Heap before GC invocations=15 (full 3):
 PSYoungGen      total 184832K, used 3439K [0x00000000d5580000, 0x00000000e2c80000, 0x0000000100000000)
  eden space 166912K, 0% used [0x00000000d5580000,0x00000000d5580000,0x00000000df880000)
  from space 17920K, 19% used [0x00000000e0a00000,0x00000000e0d5be88,0x00000000e1b80000)
  to   space 17920K, 0% used [0x00000000df880000,0x00000000df880000,0x00000000e0a00000)
 ParOldGen       total 89600K, used 33590K [0x0000000080000000, 0x0000000085780000, 0x00000000d5580000)
  object space 89600K, 37% used [0x0000000080000000,0x00000000820cd8f8,0x0000000085780000)
 Metaspace       used 57110K, capacity 59074K, committed 59160K, reserved 1099776K
  class space    used 7836K, capacity 8314K, committed 8368K, reserved 1048576K
Event: 12.475 GC heap after
Heap after GC invocations=15 (full 3):
 PSYoungGen      total 184832K, used 0K [0x00000000d5580000, 0x00000000e2c80000, 0x0000000100000000)
  eden space 166912K, 0% used [0x00000000d5580000,0x00000000d5580000,0x00000000df880000)
  from space 17920K, 0% used [0x00000000e0a00000,0x00000000e0a00000,0x00000000e1b80000)
  to   space 17920K, 0% used [0x00000000df880000,0x00000000df880000,0x00000000e0a00000)
 ParOldGen       total 89600K, used 29960K [0x0000000080000000, 0x0000000085780000, 0x00000000d5580000)
  object space 89600K, 33% used [0x0000000080000000,0x0000000081d42300,0x0000000085780000)
 Metaspace       used 57099K, capacity 59038K, committed 59160K, reserved 1099776K
  class space    used 7833K, capacity 8308K, committed 8368K, reserved 1048576K
}
Event: 14.743 GC heap before
{Heap before GC invocations=16 (full 3):
 PSYoungGen      total 184832K, used 166912K [0x00000000d5580000, 0x00000000e2c80000, 0x0000000100000000)
  eden space 166912K, 100% used [0x00000000d5580000,0x00000000df880000,0x00000000df880000)
  from space 17920K, 0% used [0x00000000e0a00000,0x00000000e0a00000,0x00000000e1b80000)
  to   space 17920K, 0% used [0x00000000df880000,0x00000000df880000,0x00000000e0a00000)
 ParOldGen       total 89600K, used 29960K [0x0000000080000000, 0x0000000085780000, 0x00000000d5580000)
  object space 89600K, 33% used [0x0000000080000000,0x0000000081d42300,0x0000000085780000)
 Metaspace       used 61270K, capacity 64352K, committed 64432K, reserved 1103872K
  class space    used 8458K, capacity 9085K, committed 9136K, reserved 1048576K
Event: 14.780 GC heap after
Heap after GC invocations=16 (full 3):
 PSYoungGen      total 184832K, used 14123K [0x00000000d5580000, 0x00000000e3c00000, 0x0000000100000000)
  eden space 166912K, 0% used [0x00000000d5580000,0x00000000d5580000,0x00000000df880000)
  from space 17920K, 78% used [0x00000000df880000,0x00000000e064af40,0x00000000e0a00000)
  to   space 18944K, 0% used [0x00000000e2980000,0x00000000e2980000,0x00000000e3c00000)
 ParOldGen       total 89600K, used 29968K [0x0000000080000000, 0x0000000085780000, 0x00000000d5580000)
  object space 89600K, 33% used [0x0000000080000000,0x0000000081d44300,0x0000000085780000)
 Metaspace       used 61270K, capacity 64352K, committed 64432K, reserved 1103872K
  class space    used 8458K, capacity 9085K, committed 9136K, reserved 1048576K
}

Deoptimization events (10 events):
Event: 16.605 Thread 0x000000001e668000 Uncommon trap: reason=unstable_if action=reinterpret pc=0x0000000002b71a78 method=sun.nio.fs.WindowsPathParser.isSlash(C)Z @ 9
Event: 16.636 Thread 0x000000001e668000 Uncommon trap: reason=unstable_if action=reinterpret pc=0x00000000033dfea4 method=sun.nio.fs.WindowsPathParser.isSlash(C)Z @ 9
Event: 16.685 Thread 0x000000001e663800 Uncommon trap: reason=unstable_if action=reinterpret pc=0x0000000003c5e210 method=com.esotericsoftware.kryo.io.Output.writeString(Ljava/lang/CharSequence;)V @ 50
Event: 16.685 Thread 0x000000001e663800 Uncommon trap: reason=unstable_if action=reinterpret pc=0x00000000032b7490 method=com.esotericsoftware.kryo.io.Output.writeString(Ljava/lang/CharSequence;)V @ 50
Event: 16.687 Thread 0x000000001e663800 Uncommon trap: reason=predicate action=maybe_recompile pc=0x0000000003b82508 method=java.util.Collections.indexedBinarySearch(Ljava/util/List;Ljava/lang/Object;)I @ 16
Event: 16.687 Thread 0x000000001e663800 Uncommon trap: reason=unstable_if action=reinterpret pc=0x00000000029eb5ec method=org.gradle.internal.io.StreamByteBuffer.prepareRead()I @ 30
Event: 16.708 Thread 0x000000001e768800 Uncommon trap: reason=unstable_if action=reinterpret pc=0x0000000003ad9454 method=org.gradle.internal.snapshot.PathUtil.equalChars(CCLorg/gradle/internal/snapshot/CaseSensitivity;)Z @ 40
Event: 16.708 Thread 0x000000001e768800 Uncommon trap: reason=unstable_if action=reinterpret pc=0x0000000003a8b17c method=org.gradle.internal.snapshot.PathUtil.equalChars(CCLorg/gradle/internal/snapshot/CaseSensitivity;)Z @ 40
Event: 16.810 Thread 0x000000001e768800 Uncommon trap: reason=unstable_if action=reinterpret pc=0x0000000003c86474 method=java.lang.String.lastIndexOf([CII[CIII)I @ 17
Event: 16.892 Thread 0x000000001e768800 Uncommon trap: reason=unstable_if action=reinterpret pc=0x000000000392033c method=java.lang.CharacterDataLatin1.isJavaIdentifierPart(I)Z @ 11

Classes redefined (0 events):
No events

Internal exceptions (10 events):
Event: 15.841 Thread 0x000000001e768800 Implicit null exception at 0x0000000003e33d17 to 0x0000000003e3405d
Event: 16.013 Thread 0x000000001e768800 Exception <a 'java/lang/NoSuchMethodError': <clinit>> (0x00000000da6b1aa8) thrown at [C:\src\AOSP-openjdk-git\hotspot\src\share\vm\prims\jni.cpp, line 1615]
Event: 16.014 Thread 0x000000001e768800 Exception <a 'java/lang/NoSuchMethodError': <clinit>> (0x00000000da6c23a8) thrown at [C:\src\AOSP-openjdk-git\hotspot\src\share\vm\prims\jni.cpp, line 1615]
Event: 16.015 Thread 0x000000001e768800 Exception <a 'java/lang/NoSuchMethodError': <clinit>> (0x00000000da6d27c8) thrown at [C:\src\AOSP-openjdk-git\hotspot\src\share\vm\prims\jni.cpp, line 1615]
Event: 16.016 Thread 0x000000001e768800 Exception <a 'java/lang/NoSuchMethodError': <clinit>> (0x00000000da6e6020) thrown at [C:\src\AOSP-openjdk-git\hotspot\src\share\vm\prims\jni.cpp, line 1615]
Event: 16.509 Thread 0x000000001e668000 Implicit null exception at 0x0000000002ad8796 to 0x0000000002ad8b31
Event: 16.750 Thread 0x000000001e768800 Exception <a 'java/lang/NoSuchMethodError': <clinit>> (0x00000000dc80da50) thrown at [C:\src\AOSP-openjdk-git\hotspot\src\share\vm\prims\jni.cpp, line 1615]
Event: 16.750 Thread 0x000000001e768800 Exception <a 'java/lang/NoSuchMethodError': <clinit>> (0x00000000dc902a38) thrown at [C:\src\AOSP-openjdk-git\hotspot\src\share\vm\prims\jni.cpp, line 1615]
Event: 16.753 Thread 0x000000001e768800 Exception <a 'java/lang/NoSuchMethodError': <clinit>> (0x00000000dc917640) thrown at [C:\src\AOSP-openjdk-git\hotspot\src\share\vm\prims\jni.cpp, line 1615]
Event: 16.753 Thread 0x000000001e768800 Exception <a 'java/lang/NoSuchMethodError': <clinit>> (0x00000000dc918960) thrown at [C:\src\AOSP-openjdk-git\hotspot\src\share\vm\prims\jni.cpp, line 1615]

Events (10 events):
Event: 17.139 loading class kotlin/reflect/jvm/internal/impl/load/java/lazy/descriptors/LazyJavaScope$declaredMemberIndex$1
Event: 17.139 loading class kotlin/reflect/jvm/internal/impl/load/java/lazy/descriptors/LazyJavaScope$declaredMemberIndex$1 done
Event: 17.139 loading class kotlin/reflect/jvm/internal/impl/load/java/lazy/descriptors/LazyJavaScope$declaredFunctions$1
Event: 17.139 loading class kotlin/reflect/jvm/internal/impl/load/java/lazy/descriptors/LazyJavaScope$declaredFunctions$1 done
Event: 17.140 loading class kotlin/reflect/jvm/internal/impl/load/java/lazy/descriptors/LazyJavaScope$declaredField$1
Event: 17.140 loading class kotlin/reflect/jvm/internal/impl/load/java/lazy/descriptors/LazyJavaScope$declaredField$1 done
Event: 17.140 loading class kotlin/reflect/jvm/internal/impl/load/java/lazy/descriptors/LazyJavaScope$functions$1
Event: 17.140 loading class kotlin/reflect/jvm/internal/impl/load/java/lazy/descriptors/LazyJavaScope$functions$1 done
Event: 17.141 loading class kotlin/reflect/jvm/internal/impl/load/java/lazy/descriptors/LazyJavaScope$functionNamesLazy$2
Event: 17.141 loading class kotlin/reflect/jvm/internal/impl/load/java/lazy/descriptors/LazyJavaScope$functionNamesLazy$2 done


Dynamic libraries:
0x00007ff7998f0000 - 0x00007ff799921000 	C:\Program Files\Android\Android Studio\jre\bin\java.exe
0x00007ffaa6d90000 - 0x00007ffaa6f86000 	C:\WINDOWS\SYSTEM32\ntdll.dll
0x00007ffaa6280000 - 0x00007ffaa633d000 	C:\WINDOWS\System32\KERNEL32.DLL
0x00007ffaa4830000 - 0x00007ffaa4af9000 	C:\WINDOWS\System32\KERNELBASE.dll
0x00007ffaa6340000 - 0x00007ffaa63ec000 	C:\WINDOWS\System32\ADVAPI32.dll
0x00007ffaa6a50000 - 0x00007ffaa6aee000 	C:\WINDOWS\System32\msvcrt.dll
0x00007ffaa61e0000 - 0x00007ffaa627c000 	C:\WINDOWS\System32\sechost.dll
0x00007ffaa5b70000 - 0x00007ffaa5c9b000 	C:\WINDOWS\System32\RPCRT4.dll
0x00007ffaa5f30000 - 0x00007ffaa60d0000 	C:\WINDOWS\System32\USER32.dll
0x00007ffaa4520000 - 0x00007ffaa4542000 	C:\WINDOWS\System32\win32u.dll
0x00007ffaa6a20000 - 0x00007ffaa6a4a000 	C:\WINDOWS\System32\GDI32.dll
0x00007ffaa4bb0000 - 0x00007ffaa4cbb000 	C:\WINDOWS\System32\gdi32full.dll
0x00007ffaa4790000 - 0x00007ffaa482d000 	C:\WINDOWS\System32\msvcp_win.dll
0x00007ffaa4cf0000 - 0x00007ffaa4df0000 	C:\WINDOWS\System32\ucrtbase.dll
0x00007ffa8b530000 - 0x00007ffa8b7cb000 	C:\WINDOWS\WinSxS\amd64_microsoft.windows.common-controls_6595b64144ccf1df_6.0.19041.746_none_ca02b4b61b8320a4\COMCTL32.dll
0x00007ffaa63f0000 - 0x00007ffaa6420000 	C:\WINDOWS\System32\IMM32.DLL
0x00000000673f0000 - 0x00000000674c2000 	C:\Program Files\Android\Android Studio\jre\jre\bin\msvcr100.dll
0x00000000674d0000 - 0x0000000067d1b000 	C:\Program Files\Android\Android Studio\jre\jre\bin\server\jvm.dll
0x00007ffaa6540000 - 0x00007ffaa6548000 	C:\WINDOWS\System32\PSAPI.DLL
0x00007ffa954e0000 - 0x00007ffa954e9000 	C:\WINDOWS\SYSTEM32\WSOCK32.dll
0x00007ffa9e720000 - 0x00007ffa9e72a000 	C:\WINDOWS\SYSTEM32\VERSION.dll
0x00007ffaa57a0000 - 0x00007ffaa580b000 	C:\WINDOWS\System32\WS2_32.dll
0x00007ffa97e30000 - 0x00007ffa97e57000 	C:\WINDOWS\SYSTEM32\WINMM.dll
0x00007ffaa1a50000 - 0x00007ffaa1a5f000 	C:\Program Files\Android\Android Studio\jre\jre\bin\verify.dll
0x00007ffaa1a20000 - 0x00007ffaa1a49000 	C:\Program Files\Android\Android Studio\jre\jre\bin\java.dll
0x00007ffaa1a00000 - 0x00007ffaa1a16000 	C:\Program Files\Android\Android Studio\jre\jre\bin\zip.dll
0x00007ffaa5050000 - 0x00007ffaa5792000 	C:\WINDOWS\System32\SHELL32.dll
0x00007ffaa2600000 - 0x00007ffaa2d90000 	C:\WINDOWS\SYSTEM32\windows.storage.dll
0x00007ffaa5810000 - 0x00007ffaa5b66000 	C:\WINDOWS\System32\combase.dll
0x00007ffaa3f30000 - 0x00007ffaa3f5c000 	C:\WINDOWS\SYSTEM32\Wldp.dll
0x00007ffaa60d0000 - 0x00007ffaa617e000 	C:\WINDOWS\System32\SHCORE.dll
0x00007ffaa64b0000 - 0x00007ffaa6505000 	C:\WINDOWS\System32\shlwapi.dll
0x00007ffaa4400000 - 0x00007ffaa4426000 	C:\WINDOWS\SYSTEM32\profapi.dll
0x00007ffa9ea60000 - 0x00007ffa9ea7a000 	C:\Program Files\Android\Android Studio\jre\jre\bin\net.dll
0x00007ffaa3cb0000 - 0x00007ffaa3d1a000 	C:\WINDOWS\system32\mswsock.dll
0x00007ffa9dd70000 - 0x00007ffa9dd83000 	C:\Program Files\Android\Android Studio\jre\jre\bin\nio.dll
0x00007ffa9e020000 - 0x00007ffa9e046000 	C:\Users\HARMAN\.gradle\native\31\windows-amd64\native-platform.dll
0x00007ffa9ef30000 - 0x00007ffa9ef3d000 	C:\Program Files\Android\Android Studio\jre\jre\bin\management.dll
0x00007ffaa3e80000 - 0x00007ffaa3e98000 	C:\WINDOWS\SYSTEM32\CRYPTSP.dll
0x00007ffaa35e0000 - 0x00007ffaa3614000 	C:\WINDOWS\system32\rsaenh.dll
0x00007ffaa4cc0000 - 0x00007ffaa4ce7000 	C:\WINDOWS\System32\bcrypt.dll
0x00007ffaa43c0000 - 0x00007ffaa43ee000 	C:\WINDOWS\SYSTEM32\USERENV.dll
0x00007ffaa45b0000 - 0x00007ffaa4630000 	C:\WINDOWS\System32\bcryptprimitives.dll
0x00007ffaa3ea0000 - 0x00007ffaa3eac000 	C:\WINDOWS\SYSTEM32\CRYPTBASE.dll
0x00007ffaa3950000 - 0x00007ffaa398b000 	C:\WINDOWS\SYSTEM32\IPHLPAPI.DLL
0x00007ffaa6af0000 - 0x00007ffaa6af8000 	C:\WINDOWS\System32\NSI.dll
0x00007ffa9c780000 - 0x00007ffa9c797000 	C:\WINDOWS\SYSTEM32\dhcpcsvc6.DLL
0x00007ffa9cef0000 - 0x00007ffa9cf0d000 	C:\WINDOWS\SYSTEM32\dhcpcsvc.DLL
0x00007ffaa3990000 - 0x00007ffaa3a5b000 	C:\WINDOWS\SYSTEM32\DNSAPI.dll

VM Arguments:
jvm_args: -Xmx2048m -Dfile.encoding=x-windows-949 -Duser.country=US -Duser.language=en -Duser.variant 
java_command: org.gradle.launcher.daemon.bootstrap.GradleDaemon 6.1.1
java_class_path (initial): C:\Users\HARMAN\.gradle\wrapper\dists\gradle-6.1.1-all\cfmwm155h49vnt3hynmlrsdst\gradle-6.1.1\lib\gradle-launcher-6.1.1.jar
Launcher Type: SUN_STANDARD

Environment Variables:
JAVA_HOME=C:\Program Files\Java\jdk1.8.0_261\
PATH=E:\app\HARMAN\product\11.2.0\dbhome_1\bin;C:\Program Files (x86)\Common Files\Oracle\Java\javapath;C:\WINDOWS\system32;C:\WINDOWS;C:\WINDOWS\System32\Wbem;C:\WINDOWS\System32\WindowsPowerShell\v1.0\;C:\WINDOWS\System32\OpenSSH\;C:\Program Files\Java\jdk1.8.0_261\bin;C:\Users\HARMAN\AppData\Local\Microsoft\WindowsApps;C:\Users\HARMAN\AppData\Local\Programs\Microsoft VS Code\bin
USERNAME=HARMAN
OS=Windows_NT
PROCESSOR_IDENTIFIER=Intel64 Family 6 Model 142 Stepping 10, GenuineIntel



---------------  S Y S T E M  ---------------

OS: Windows 10.0 , 64 bit Build 19041 (10.0.19041.804)

CPU:total 8 (initial active 8) (4 cores per cpu, 2 threads per core) family 6 model 142 stepping 10, cmov, cx8, fxsr, mmx, sse, sse2, sse3, ssse3, sse4.1, sse4.2, popcnt, avx, avx2, aes, clmul, erms, 3dnowpref, lzcnt, ht, tsc, tscinvbit, bmi1, bmi2, adx

Memory: 4k page, physical 8260324k(838484k free), swap 33426148k(6096k free)

vm_info: OpenJDK 64-Bit Server VM (25.242-b01) for windows-amd64 JRE (1.8.0_242-release-1644-b01), built by "builder" with MS VC++ 10.0 (VS2010)

time: Sun Mar 21 22:41:25 2021
timezone: Nepal Standard Time
elapsed time: 17 seconds (0d 0h 0m 17s)

