#
# There is insufficient memory for the Java Runtime Environment to continue.
# Native memory allocation (malloc) failed to allocate 495616 bytes for Chunk::new
# Possible reasons:
#   The system is out of physical RAM or swap space
#   The process is running with CompressedOops enabled, and the Java Heap may be blocking the growth of the native heap
# Possible solutions:
#   Reduce memory load on the system
#   Increase physical memory or swap space
#   Check if swap backing store is full
#   Decrease Java heap size (-Xmx/-Xms)
#   Decrease number of Java threads
#   Decrease Java thread stack sizes (-Xss)
#   Set larger code cache with -XX:ReservedCodeCacheSize=
#   JVM is running with Unscaled Compressed Oops mode in which the Java heap is
#     placed in the first 4GB address space. The Java Heap base address is the
#     maximum limit for the native heap growth. Please use -XX:HeapBaseMinAddress
#     to set the Java Heap base and to place the Java Heap above 4GB virtual address.
# This output file may be truncated or incomplete.
#
#  Out of Memory Error (allocation.cpp:389), pid=14480, tid=0x0000000000004174
#
# JRE version: OpenJDK Runtime Environment (8.0_242-b01) (build 1.8.0_242-release-1644-b01)
# Java VM: OpenJDK 64-Bit Server VM (25.242-b01 mixed mode windows-amd64 compressed oops)
# Failed to write core dump. Minidumps are not enabled by default on client versions of Windows
#

---------------  T H R E A D  ---------------

Current thread (0x000000001a289800):  JavaThread "C2 CompilerThread0" daemon [_thread_in_native, id=16756, stack(0x000000001ab50000,0x000000001ac50000)]

Stack: [0x000000001ab50000,0x000000001ac50000]
[error occurred during error reporting (printing stack bounds), id 0xc0000005]

Native frames: (J=compiled Java code, j=interpreted, Vv=VM code, C=native code)


Current CompileTask:
C2:   5591 2129   !   4       java.net.URLClassLoader$1::run (63 bytes)


---------------  P R O C E S S  ---------------

Java Threads: ( => current thread )
  0x000000001a2ed000 JavaThread "Cache worker for execution history cache (C:\Users\HARMAN\.gradle\caches\6.1.1\executionHistory)" [_thread_blocked, id=2752, stack(0x0000000021370000,0x0000000021470000)]
  0x000000001a2ec800 JavaThread "Cache worker for cache directory md-rule (C:\Users\HARMAN\.gradle\caches\6.1.1\md-rule)" [_thread_blocked, id=10344, stack(0x0000000020fd0000,0x00000000210d0000)]
  0x000000001a2f3000 JavaThread "Cache worker for cache directory md-supplier (C:\Users\HARMAN\.gradle\caches\6.1.1\md-supplier)" [_thread_blocked, id=5620, stack(0x0000000020ed0000,0x0000000020fd0000)]
  0x000000001a2f2800 JavaThread "Cache worker for file hash cache (C:\Users\HARMAN\KhaltiHotel\.gradle\6.1.1\fileHashes)" [_thread_blocked, id=9916, stack(0x0000000021160000,0x0000000021260000)]
  0x000000001a2f1000 JavaThread "Cache worker for checksums cache (C:\Users\HARMAN\KhaltiHotel\.gradle\checksums)" [_thread_blocked, id=13804, stack(0x0000000021270000,0x0000000021370000)]
  0x000000001a2f1800 JavaThread "Cache worker for file hash cache (C:\Users\HARMAN\.gradle\caches\6.1.1\fileHashes)" [_thread_blocked, id=17384, stack(0x000000001ec30000,0x000000001ed30000)]
  0x000000001ce43000 JavaThread "File lock request listener" [_thread_in_native, id=13360, stack(0x000000001eb30000,0x000000001ec30000)]
  0x000000001bd6c800 JavaThread "Cache worker for journal cache (C:\Users\HARMAN\.gradle\caches\journal-1)" [_thread_blocked, id=14724, stack(0x000000001ea30000,0x000000001eb30000)]
  0x000000001cd17800 JavaThread "Thread-9" [_thread_blocked, id=11424, stack(0x000000001e730000,0x000000001e830000)]
  0x000000001cd17000 JavaThread "Stdin handler" [_thread_blocked, id=12336, stack(0x000000001e630000,0x000000001e730000)]
  0x000000001cd0b800 JavaThread "Asynchronous log dispatcher for DefaultDaemonConnection: socket connection from /127.0.0.1:62813 to /127.0.0.1:62814" [_thread_blocked, id=12560, stack(0x000000001e530000,0x000000001e630000)]
  0x000000001cd4b000 JavaThread "Daemon worker" [_thread_in_vm, id=7824, stack(0x000000001e430000,0x000000001e530000)]
  0x000000001cd00800 JavaThread "Cancel handler" [_thread_blocked, id=8628, stack(0x000000001e330000,0x000000001e430000)]
  0x000000001cce7800 JavaThread "Handler for socket connection from /127.0.0.1:62813 to /127.0.0.1:62814" [_thread_in_native, id=4456, stack(0x000000001e030000,0x000000001e130000)]
  0x000000001ccd5800 JavaThread "Daemon" [_thread_blocked, id=2892, stack(0x000000001df30000,0x000000001e030000)]
  0x000000001cc7e800 JavaThread "Daemon periodic checks" [_thread_blocked, id=13992, stack(0x000000001de30000,0x000000001df30000)]
  0x000000001cc7c000 JavaThread "Incoming local TCP Connector on port 62813" [_thread_in_native, id=5416, stack(0x000000001dbf0000,0x000000001dcf0000)]
  0x000000001cc57800 JavaThread "Daemon health stats" [_thread_blocked, id=14776, stack(0x000000001d8f0000,0x000000001d9f0000)]
  0x000000001a37d800 JavaThread "Service Thread" daemon [_thread_blocked, id=4292, stack(0x000000001af50000,0x000000001b050000)]
  0x000000001a2f0000 JavaThread "C1 CompilerThread3" daemon [_thread_blocked, id=20108, stack(0x000000001ae50000,0x000000001af50000)]
  0x000000001a2e8800 JavaThread "C2 CompilerThread2" daemon [_thread_in_native, id=19488, stack(0x000000001ad50000,0x000000001ae50000)]
  0x000000001a2e1000 JavaThread "C2 CompilerThread1" daemon [_thread_blocked, id=15328, stack(0x000000001ac50000,0x000000001ad50000)]
=>0x000000001a289800 JavaThread "C2 CompilerThread0" daemon [_thread_in_native, id=16756, stack(0x000000001ab50000,0x000000001ac50000)]
  0x000000001a287800 JavaThread "Attach Listener" daemon [_thread_blocked, id=14520, stack(0x000000001aa50000,0x000000001ab50000)]
  0x000000001a2e0000 JavaThread "Signal Dispatcher" daemon [_thread_blocked, id=8140, stack(0x000000001a950000,0x000000001aa50000)]
  0x000000001a271800 JavaThread "Finalizer" daemon [_thread_blocked, id=17204, stack(0x000000001a750000,0x000000001a850000)]
  0x000000001a270800 JavaThread "Reference Handler" daemon [_thread_blocked, id=15792, stack(0x000000001a650000,0x000000001a750000)]
  0x000000000165e000 JavaThread "main" [_thread_blocked, id=4952, stack(0x0000000002e10000,0x0000000002f10000)]

Other Threads:
  0x0000000018458800 VMThread [stack: 0x000000001a150000,0x000000001a250000] [id=13384]
  0x000000001a37e800 WatcherThread [stack: 0x000000001b050000,0x000000001b150000] [id=12116]

VM state:not at safepoint (normal execution)

VM Mutex/Monitor currently owned by a thread: None

heap address: 0x0000000080000000, size: 2048 MB, Compressed Oops mode: 32-bit
Narrow klass base: 0x0000000000000000, Narrow klass shift: 3
Compressed class space size: 1073741824 Address: 0x0000000100000000

Heap:
 PSYoungGen      total 76800K, used 20538K [0x00000000d5580000, 0x00000000dd000000, 0x0000000100000000)
  eden space 65536K, 18% used [0x00000000d5580000,0x00000000d61a35b0,0x00000000d9580000)
  from space 11264K, 71% used [0x00000000d9580000,0x00000000d9d6b5b8,0x00000000da080000)
  to   space 11264K, 0% used [0x00000000dc500000,0x00000000dc500000,0x00000000dd000000)
 ParOldGen       total 61440K, used 9140K [0x0000000080000000, 0x0000000083c00000, 0x00000000d5580000)
  object space 61440K, 14% used [0x0000000080000000,0x00000000808ed3e8,0x0000000083c00000)
 Metaspace       used 29459K, capacity 30064K, committed 30336K, reserved 1075200K
  class space    used 3960K, capacity 4165K, committed 4224K, reserved 1048576K

Card table byte_map: [0x00000000127b0000,0x0000000012bc0000] byte_map_base: 0x00000000123b0000

Marking Bits: (ParMarkBitMap*) 0x0000000067c9f030
 Begin Bits: [0x0000000013670000, 0x0000000015670000)
 End Bits:   [0x0000000015670000, 0x0000000017670000)

Polling page: 0x0000000001010000

CodeCache: size=245760Kb used=8988Kb max_used=8997Kb free=236771Kb
 bounds [0x00000000033f0000, 0x0000000003cc0000, 0x00000000123f0000]
 total_blobs=2942 nmethods=2262 adapters=593
 compilation: enabled

Compilation events (10 events):
Event: 5.535 Thread 0x000000001a2f0000 nmethod 2257 0x0000000003ca9590 code [0x0000000003ca96e0, 0x0000000003ca9830]
Event: 5.535 Thread 0x000000001a2f0000 2255       3       org.gradle.internal.instantiation.generator.AsmBackedClassGenerator$ClassBuilderImpl::propFieldName (28 bytes)
Event: 5.535 Thread 0x000000001a2f0000 nmethod 2255 0x0000000003cb66d0 code [0x0000000003cb68a0, 0x0000000003cb7118]
Event: 5.544 Thread 0x000000001a2f0000 2261       3       org.gradle.internal.service.RelevantMethods::toServiceMethodList (61 bytes)
Event: 5.545 Thread 0x000000001a2f0000 nmethod 2261 0x0000000003cb7450 code [0x0000000003cb7680, 0x0000000003cb82c8]
Event: 5.550 Thread 0x000000001a2e1000 nmethod 2241 0x0000000003cbc010 code [0x0000000003cbc200, 0x0000000003cbccc0]
Event: 5.577 Thread 0x000000001a2f0000 2263       3       java.util.concurrent.atomic.AtomicReferenceArray::length (6 bytes)
Event: 5.578 Thread 0x000000001a2f0000 nmethod 2263 0x0000000003cbbcd0 code [0x0000000003cbbe20, 0x0000000003cbbf70]
Event: 5.588 Thread 0x000000001a2f0000 2264       3       java.lang.Class::getGenericSuperclass (28 bytes)
Event: 5.588 Thread 0x000000001a2f0000 nmethod 2264 0x0000000003cbb650 code [0x0000000003cbb7e0, 0x0000000003cbbbb8]

GC Heap History (10 events):
Event: 3.586 GC heap before
{Heap before GC invocations=4 (full 0):
 PSYoungGen      total 38400K, used 38377K [0x00000000d5580000, 0x00000000d8000000, 0x0000000100000000)
  eden space 33280K, 100% used [0x00000000d5580000,0x00000000d7600000,0x00000000d7600000)
  from space 5120K, 99% used [0x00000000d7600000,0x00000000d7afa630,0x00000000d7b00000)
  to   space 5120K, 0% used [0x00000000d7b00000,0x00000000d7b00000,0x00000000d8000000)
 ParOldGen       total 87552K, used 1601K [0x0000000080000000, 0x0000000085580000, 0x00000000d5580000)
  object space 87552K, 1% used [0x0000000080000000,0x0000000080190688,0x0000000085580000)
 Metaspace       used 15392K, capacity 15762K, committed 16128K, reserved 1062912K
  class space    used 2059K, capacity 2209K, committed 2304K, reserved 1048576K
Event: 3.593 GC heap after
Heap after GC invocations=4 (full 0):
 PSYoungGen      total 38400K, used 5113K [0x00000000d5580000, 0x00000000da080000, 0x0000000100000000)
  eden space 33280K, 0% used [0x00000000d5580000,0x00000000d5580000,0x00000000d7600000)
  from space 5120K, 99% used [0x00000000d7b00000,0x00000000d7ffe660,0x00000000d8000000)
  to   space 5120K, 0% used [0x00000000d7600000,0x00000000d7600000,0x00000000d7b00000)
 ParOldGen       total 87552K, used 4396K [0x0000000080000000, 0x0000000085580000, 0x00000000d5580000)
  object space 87552K, 5% used [0x0000000080000000,0x000000008044b270,0x0000000085580000)
 Metaspace       used 15392K, capacity 15762K, committed 16128K, reserved 1062912K
  class space    used 2059K, capacity 2209K, committed 2304K, reserved 1048576K
}
Event: 3.984 GC heap before
{Heap before GC invocations=5 (full 0):
 PSYoungGen      total 38400K, used 38393K [0x00000000d5580000, 0x00000000da080000, 0x0000000100000000)
  eden space 33280K, 100% used [0x00000000d5580000,0x00000000d7600000,0x00000000d7600000)
  from space 5120K, 99% used [0x00000000d7b00000,0x00000000d7ffe660,0x00000000d8000000)
  to   space 5120K, 0% used [0x00000000d7600000,0x00000000d7600000,0x00000000d7b00000)
 ParOldGen       total 87552K, used 4396K [0x0000000080000000, 0x0000000085580000, 0x00000000d5580000)
  object space 87552K, 5% used [0x0000000080000000,0x000000008044b270,0x0000000085580000)
 Metaspace       used 18128K, capacity 18660K, committed 18816K, reserved 1064960K
  class space    used 2489K, capacity 2658K, committed 2688K, reserved 1048576K
Event: 3.993 GC heap after
Heap after GC invocations=5 (full 0):
 PSYoungGen      total 38400K, used 5113K [0x00000000d5580000, 0x00000000daa80000, 0x0000000100000000)
  eden space 33280K, 0% used [0x00000000d5580000,0x00000000d5580000,0x00000000d7600000)
  from space 5120K, 99% used [0x00000000d7600000,0x00000000d7afe640,0x00000000d7b00000)
  to   space 10240K, 0% used [0x00000000da080000,0x00000000da080000,0x00000000daa80000)
 ParOldGen       total 87552K, used 7776K [0x0000000080000000, 0x0000000085580000, 0x00000000d5580000)
  object space 87552K, 8% used [0x0000000080000000,0x00000000807982b0,0x0000000085580000)
 Metaspace       used 18128K, capacity 18660K, committed 18816K, reserved 1064960K
  class space    used 2489K, capacity 2658K, committed 2688K, reserved 1048576K
}
Event: 4.436 GC heap before
{Heap before GC invocations=6 (full 0):
 PSYoungGen      total 38400K, used 38393K [0x00000000d5580000, 0x00000000daa80000, 0x0000000100000000)
  eden space 33280K, 100% used [0x00000000d5580000,0x00000000d7600000,0x00000000d7600000)
  from space 5120K, 99% used [0x00000000d7600000,0x00000000d7afe640,0x00000000d7b00000)
  to   space 10240K, 0% used [0x00000000da080000,0x00000000da080000,0x00000000daa80000)
 ParOldGen       total 87552K, used 7776K [0x0000000080000000, 0x0000000085580000, 0x00000000d5580000)
  object space 87552K, 8% used [0x0000000080000000,0x00000000807982b0,0x0000000085580000)
 Metaspace       used 20620K, capacity 21142K, committed 21248K, reserved 1067008K
  class space    used 2894K, capacity 3055K, committed 3072K, reserved 1048576K
Event: 4.449 GC heap after
Heap after GC invocations=6 (full 0):
 PSYoungGen      total 75776K, used 8373K [0x00000000d5580000, 0x00000000dac80000, 0x0000000100000000)
  eden space 65536K, 0% used [0x00000000d5580000,0x00000000d5580000,0x00000000d9580000)
  from space 10240K, 81% used [0x00000000da080000,0x00000000da8ad4c8,0x00000000daa80000)
  to   space 11264K, 0% used [0x00000000d9580000,0x00000000d9580000,0x00000000da080000)
 ParOldGen       total 87552K, used 7784K [0x0000000080000000, 0x0000000085580000, 0x00000000d5580000)
  object space 87552K, 8% used [0x0000000080000000,0x000000008079a2b0,0x0000000085580000)
 Metaspace       used 20620K, capacity 21142K, committed 21248K, reserved 1067008K
  class space    used 2894K, capacity 3055K, committed 3072K, reserved 1048576K
}
Event: 4.449 GC heap before
{Heap before GC invocations=7 (full 1):
 PSYoungGen      total 75776K, used 8373K [0x00000000d5580000, 0x00000000dac80000, 0x0000000100000000)
  eden space 65536K, 0% used [0x00000000d5580000,0x00000000d5580000,0x00000000d9580000)
  from space 10240K, 81% used [0x00000000da080000,0x00000000da8ad4c8,0x00000000daa80000)
  to   space 11264K, 0% used [0x00000000d9580000,0x00000000d9580000,0x00000000da080000)
 ParOldGen       total 87552K, used 7784K [0x0000000080000000, 0x0000000085580000, 0x00000000d5580000)
  object space 87552K, 8% used [0x0000000080000000,0x000000008079a2b0,0x0000000085580000)
 Metaspace       used 20620K, capacity 21142K, committed 21248K, reserved 1067008K
  class space    used 2894K, capacity 3055K, committed 3072K, reserved 1048576K
Event: 4.505 GC heap after
Heap after GC invocations=7 (full 1):
 PSYoungGen      total 75776K, used 0K [0x00000000d5580000, 0x00000000dac80000, 0x0000000100000000)
  eden space 65536K, 0% used [0x00000000d5580000,0x00000000d5580000,0x00000000d9580000)
  from space 10240K, 0% used [0x00000000da080000,0x00000000da080000,0x00000000daa80000)
  to   space 11264K, 0% used [0x00000000d9580000,0x00000000d9580000,0x00000000da080000)
 ParOldGen       total 61440K, used 9132K [0x0000000080000000, 0x0000000083c00000, 0x00000000d5580000)
  object space 61440K, 14% used [0x0000000080000000,0x00000000808eb3e8,0x0000000083c00000)
 Metaspace       used 20620K, capacity 21142K, committed 21248K, reserved 1067008K
  class space    used 2894K, capacity 3055K, committed 3072K, reserved 1048576K
}
Event: 5.437 GC heap before
{Heap before GC invocations=8 (full 1):
 PSYoungGen      total 75776K, used 65536K [0x00000000d5580000, 0x00000000dac80000, 0x0000000100000000)
  eden space 65536K, 100% used [0x00000000d5580000,0x00000000d9580000,0x00000000d9580000)
  from space 10240K, 0% used [0x00000000da080000,0x00000000da080000,0x00000000daa80000)
  to   space 11264K, 0% used [0x00000000d9580000,0x00000000d9580000,0x00000000da080000)
 ParOldGen       total 61440K, used 9132K [0x0000000080000000, 0x0000000083c00000, 0x00000000d5580000)
  object space 61440K, 14% used [0x0000000080000000,0x00000000808eb3e8,0x0000000083c00000)
 Metaspace       used 28804K, capacity 29438K, committed 29696K, reserved 1075200K
  class space    used 3855K, capacity 4066K, committed 4096K, reserved 1048576K
Event: 5.450 GC heap after
Heap after GC invocations=8 (full 1):
 PSYoungGen      total 76800K, used 8109K [0x00000000d5580000, 0x00000000dd000000, 0x0000000100000000)
  eden space 65536K, 0% used [0x00000000d5580000,0x00000000d5580000,0x00000000d9580000)
  from space 11264K, 71% used [0x00000000d9580000,0x00000000d9d6b5b8,0x00000000da080000)
  to   space 11264K, 0% used [0x00000000dc500000,0x00000000dc500000,0x00000000dd000000)
 ParOldGen       total 61440K, used 9140K [0x0000000080000000, 0x0000000083c00000, 0x00000000d5580000)
  object space 61440K, 14% used [0x0000000080000000,0x00000000808ed3e8,0x0000000083c00000)
 Metaspace       used 28804K, capacity 29438K, committed 29696K, reserved 1075200K
  class space    used 3855K, capacity 4066K, committed 4096K, reserved 1048576K
}

Deoptimization events (10 events):
Event: 4.569 Thread 0x000000001cd4b000 Uncommon trap: reason=unstable_if action=reinterpret pc=0x00000000036f024c method=java.io.WinNTFileSystem.resolve(Ljava/lang/String;Ljava/lang/String;)Ljava/lang/String; @ 49
Event: 4.610 Thread 0x000000001cd4b000 Uncommon trap: reason=unstable_if action=reinterpret pc=0x000000000371ec30 method=java.util.LinkedHashMap.afterNodeInsertion(Z)V @ 1
Event: 4.847 Thread 0x000000001cd4b000 Uncommon trap: reason=unstable_if action=reinterpret pc=0x0000000003a3d6cc method=java.util.HashMap.putVal(ILjava/lang/Object;Ljava/lang/Object;ZZ)Ljava/lang/Object; @ 162
Event: 5.234 Thread 0x000000001cd4b000 Uncommon trap: reason=class_check action=maybe_recompile pc=0x0000000003af28d0 method=sun.misc.URLClassPath.getLoader(I)Lsun/misc/URLClassPath$Loader; @ 94
Event: 5.234 Thread 0x000000001cd4b000 Uncommon trap: reason=class_check action=maybe_recompile pc=0x00000000039d25fc method=sun.misc.URLClassPath.getResource(Ljava/lang/String;Z)Lsun/misc/Resource; @ 62
Event: 5.234 Thread 0x000000001cd4b000 Uncommon trap: reason=unstable_if action=reinterpret pc=0x0000000003ae3df8 method=java.lang.String.regionMatches(ZILjava/lang/String;II)Z @ 41
Event: 5.236 Thread 0x000000001cd4b000 Uncommon trap: reason=unstable_if action=reinterpret pc=0x00000000038eb0b4 method=java.lang.ClassLoader.getClassLoadingLock(Ljava/lang/String;)Ljava/lang/Object; @ 6
Event: 5.268 Thread 0x000000001cd4b000 Uncommon trap: reason=class_check action=maybe_recompile pc=0x0000000003af2bfc method=sun.misc.URLClassPath.getLoader(I)Lsun/misc/URLClassPath$Loader; @ 239
Event: 5.268 Thread 0x000000001cd4b000 Uncommon trap: reason=unstable_if action=reinterpret pc=0x00000000038e24fc method=java.lang.String.regionMatches(ZILjava/lang/String;II)Z @ 41
Event: 5.286 Thread 0x000000001cd4b000 Uncommon trap: reason=class_check action=maybe_recompile pc=0x0000000003af2bfc method=sun.misc.URLClassPath.getLoader(I)Lsun/misc/URLClassPath$Loader; @ 239

Classes redefined (0 events):
No events

Internal exceptions (10 events):
Event: 5.286 Thread 0x000000001cd4b000 Exception <a 'java/lang/ClassNotFoundException': org/gradle/initialization/SettingsScriptCustomizer> (0x00000000d8d34a78) thrown at [C:\src\AOSP-openjdk-git\hotspot\src\share\vm\classfile\systemDictionary.cpp, line 210]
Event: 5.287 Thread 0x000000001cd4b000 Exception <a 'java/lang/ClassNotFoundException': settings_5t0tcosbqzo5l3auxd76xn3a3Customizer> (0x00000000d8d49f70) thrown at [C:\src\AOSP-openjdk-git\hotspot\src\share\vm\classfile\systemDictionary.cpp, line 210]
Event: 5.363 Thread 0x000000001cd4b000 Exception <a 'java/lang/ClassNotFoundException': org/gradle/initialization/DefaultSettings_DecoratedBeanInfo> (0x00000000d91af4e0) thrown at [C:\src\AOSP-openjdk-git\hotspot\src\share\vm\classfile\systemDictionary.cpp, line 210]
Event: 5.364 Thread 0x000000001cd4b000 Exception <a 'java/lang/ClassNotFoundException': org/gradle/initialization/DefaultSettingsBeanInfo> (0x00000000d91db058) thrown at [C:\src\AOSP-openjdk-git\hotspot\src\share\vm\classfile\systemDictionary.cpp, line 210]
Event: 5.365 Thread 0x000000001cd4b000 Exception <a 'java/lang/ClassNotFoundException': org/gradle/api/internal/project/AbstractPluginAwareBeanInfo> (0x00000000d920d560) thrown at [C:\src\AOSP-openjdk-git\hotspot\src\share\vm\classfile\systemDictionary.cpp, line 210]
Event: 5.366 Thread 0x000000001cd4b000 Exception <a 'java/lang/ClassNotFoundException': org/gradle/api/internal/project/AbstractPluginAwareCustomizer> (0x00000000d9240660) thrown at [C:\src\AOSP-openjdk-git\hotspot\src\share\vm\classfile\systemDictionary.cpp, line 210]
Event: 5.368 Thread 0x000000001cd4b000 Exception <a 'java/lang/ClassNotFoundException': org/gradle/initialization/DefaultSettingsCustomizer> (0x00000000d9276000) thrown at [C:\src\AOSP-openjdk-git\hotspot\src\share\vm\classfile\systemDictionary.cpp, line 210]
Event: 5.373 Thread 0x000000001cd4b000 Exception <a 'java/lang/ClassNotFoundException': org/gradle/initialization/DefaultSettings_DecoratedCustomizer> (0x00000000d92e4b68) thrown at [C:\src\AOSP-openjdk-git\hotspot\src\share\vm\classfile\systemDictionary.cpp, line 210]
Event: 5.454 Thread 0x000000001cd4b000 Exception <a 'java/lang/ClassNotFoundException': org/gradle/initialization/DefaultProjectDescriptorBeanInfo> (0x00000000d55bafc8) thrown at [C:\src\AOSP-openjdk-git\hotspot\src\share\vm\classfile\systemDictionary.cpp, line 210]
Event: 5.454 Thread 0x000000001cd4b000 Exception <a 'java/lang/ClassNotFoundException': org/gradle/initialization/DefaultProjectDescriptorCustomizer> (0x00000000d55ebee8) thrown at [C:\src\AOSP-openjdk-git\hotspot\src\share\vm\classfile\systemDictionary.cpp, line 210]

Events (10 events):
Event: 5.586 loading class org/gradle/platform/base/internal/registry/ComponentBinariesModelRuleExtractor done
Event: 5.586 loading class org/gradle/platform/base/ComponentBinaries
Event: 5.586 loading class org/gradle/platform/base/ComponentBinaries done
Event: 5.587 loading class org/gradle/platform/base/internal/registry/BinaryTasksModelRuleExtractor
Event: 5.587 loading class org/gradle/platform/base/internal/registry/BinaryTasksModelRuleExtractor done
Event: 5.587 loading class org/gradle/platform/base/internal/registry/BinaryTasksModelRuleExtractor$1
Event: 5.587 loading class org/gradle/platform/base/internal/registry/BinaryTasksModelRuleExtractor$1 done
Event: 5.588 loading class org/gradle/platform/base/BinaryContainer
Event: 5.588 loading class org/gradle/platform/base/BinaryContainer done
Event: 5.588 loading class org/gradle/model/internal/core/ModelPath


Dynamic libraries:
0x00007ff7998f0000 - 0x00007ff799921000 	C:\Program Files\Android\Android Studio\jre\bin\java.exe
0x00007ffaa6d90000 - 0x00007ffaa6f86000 	C:\WINDOWS\SYSTEM32\ntdll.dll
0x00007ffaa6280000 - 0x00007ffaa633d000 	C:\WINDOWS\System32\KERNEL32.DLL
0x00007ffaa4830000 - 0x00007ffaa4af9000 	C:\WINDOWS\System32\KERNELBASE.dll
0x00007ffaa6340000 - 0x00007ffaa63ec000 	C:\WINDOWS\System32\ADVAPI32.dll
0x00007ffaa6a50000 - 0x00007ffaa6aee000 	C:\WINDOWS\System32\msvcrt.dll
0x00007ffaa61e0000 - 0x00007ffaa627c000 	C:\WINDOWS\System32\sechost.dll
0x00007ffaa5b70000 - 0x00007ffaa5c9b000 	C:\WINDOWS\System32\RPCRT4.dll
0x00007ffaa5f30000 - 0x00007ffaa60d0000 	C:\WINDOWS\System32\USER32.dll
0x00007ffaa4520000 - 0x00007ffaa4542000 	C:\WINDOWS\System32\win32u.dll
0x00007ffaa6a20000 - 0x00007ffaa6a4a000 	C:\WINDOWS\System32\GDI32.dll
0x00007ffaa4bb0000 - 0x00007ffaa4cbb000 	C:\WINDOWS\System32\gdi32full.dll
0x00007ffaa4790000 - 0x00007ffaa482d000 	C:\WINDOWS\System32\msvcp_win.dll
0x00007ffaa4cf0000 - 0x00007ffaa4df0000 	C:\WINDOWS\System32\ucrtbase.dll
0x00007ffa8b530000 - 0x00007ffa8b7cb000 	C:\WINDOWS\WinSxS\amd64_microsoft.windows.common-controls_6595b64144ccf1df_6.0.19041.746_none_ca02b4b61b8320a4\COMCTL32.dll
0x00007ffaa63f0000 - 0x00007ffaa6420000 	C:\WINDOWS\System32\IMM32.DLL
0x00000000673f0000 - 0x00000000674c2000 	C:\Program Files\Android\Android Studio\jre\jre\bin\msvcr100.dll
0x00000000674d0000 - 0x0000000067d1b000 	C:\Program Files\Android\Android Studio\jre\jre\bin\server\jvm.dll
0x00007ffaa6540000 - 0x00007ffaa6548000 	C:\WINDOWS\System32\PSAPI.DLL
0x00007ffa97e30000 - 0x00007ffa97e57000 	C:\WINDOWS\SYSTEM32\WINMM.dll
0x00007ffa954e0000 - 0x00007ffa954e9000 	C:\WINDOWS\SYSTEM32\WSOCK32.dll
0x00007ffaa57a0000 - 0x00007ffaa580b000 	C:\WINDOWS\System32\WS2_32.dll
0x00007ffa9e720000 - 0x00007ffa9e72a000 	C:\WINDOWS\SYSTEM32\VERSION.dll
0x00007ffaa1a50000 - 0x00007ffaa1a5f000 	C:\Program Files\Android\Android Studio\jre\jre\bin\verify.dll
0x00007ffaa1a20000 - 0x00007ffaa1a49000 	C:\Program Files\Android\Android Studio\jre\jre\bin\java.dll
0x00007ffaa1a00000 - 0x00007ffaa1a16000 	C:\Program Files\Android\Android Studio\jre\jre\bin\zip.dll
0x00007ffaa5050000 - 0x00007ffaa5792000 	C:\WINDOWS\System32\SHELL32.dll
0x00007ffaa2600000 - 0x00007ffaa2d90000 	C:\WINDOWS\SYSTEM32\windows.storage.dll
0x00007ffaa5810000 - 0x00007ffaa5b66000 	C:\WINDOWS\System32\combase.dll
0x00007ffaa3f30000 - 0x00007ffaa3f5c000 	C:\WINDOWS\SYSTEM32\Wldp.dll
0x00007ffaa60d0000 - 0x00007ffaa617e000 	C:\WINDOWS\System32\SHCORE.dll
0x00007ffaa64b0000 - 0x00007ffaa6505000 	C:\WINDOWS\System32\shlwapi.dll
0x00007ffaa4400000 - 0x00007ffaa4426000 	C:\WINDOWS\SYSTEM32\profapi.dll
0x00007ffa9ea60000 - 0x00007ffa9ea7a000 	C:\Program Files\Android\Android Studio\jre\jre\bin\net.dll
0x00007ffaa3cb0000 - 0x00007ffaa3d1a000 	C:\WINDOWS\system32\mswsock.dll
0x00007ffa9dd70000 - 0x00007ffa9dd83000 	C:\Program Files\Android\Android Studio\jre\jre\bin\nio.dll
0x00007ffa9e020000 - 0x00007ffa9e046000 	C:\Users\HARMAN\.gradle\native\31\windows-amd64\native-platform.dll
0x00007ffa9ef30000 - 0x00007ffa9ef3d000 	C:\Program Files\Android\Android Studio\jre\jre\bin\management.dll
0x00007ffaa3e80000 - 0x00007ffaa3e98000 	C:\WINDOWS\SYSTEM32\CRYPTSP.dll
0x00007ffaa35e0000 - 0x00007ffaa3614000 	C:\WINDOWS\system32\rsaenh.dll
0x00007ffaa4cc0000 - 0x00007ffaa4ce7000 	C:\WINDOWS\System32\bcrypt.dll
0x00007ffaa43c0000 - 0x00007ffaa43ee000 	C:\WINDOWS\SYSTEM32\USERENV.dll
0x00007ffaa45b0000 - 0x00007ffaa4630000 	C:\WINDOWS\System32\bcryptprimitives.dll
0x00007ffaa3ea0000 - 0x00007ffaa3eac000 	C:\WINDOWS\SYSTEM32\CRYPTBASE.dll
0x00007ffaa3950000 - 0x00007ffaa398b000 	C:\WINDOWS\SYSTEM32\IPHLPAPI.DLL
0x00007ffaa6af0000 - 0x00007ffaa6af8000 	C:\WINDOWS\System32\NSI.dll
0x00007ffa9c780000 - 0x00007ffa9c797000 	C:\WINDOWS\SYSTEM32\dhcpcsvc6.DLL
0x00007ffa9cef0000 - 0x00007ffa9cf0d000 	C:\WINDOWS\SYSTEM32\dhcpcsvc.DLL
0x00007ffaa3990000 - 0x00007ffaa3a5b000 	C:\WINDOWS\SYSTEM32\DNSAPI.dll

VM Arguments:
jvm_args: -Xmx2048m -Dfile.encoding=x-windows-949 -Duser.country=US -Duser.language=en -Duser.variant 
java_command: org.gradle.launcher.daemon.bootstrap.GradleDaemon 6.1.1
java_class_path (initial): C:\Users\HARMAN\.gradle\wrapper\dists\gradle-6.1.1-all\cfmwm155h49vnt3hynmlrsdst\gradle-6.1.1\lib\gradle-launcher-6.1.1.jar
Launcher Type: SUN_STANDARD

Environment Variables:
JAVA_HOME=C:\Program Files\Java\jdk1.8.0_261\
PATH=E:\app\HARMAN\product\11.2.0\dbhome_1\bin;C:\Program Files (x86)\Common Files\Oracle\Java\javapath;C:\WINDOWS\system32;C:\WINDOWS;C:\WINDOWS\System32\Wbem;C:\WINDOWS\System32\WindowsPowerShell\v1.0\;C:\WINDOWS\System32\OpenSSH\;C:\Program Files\Java\jdk1.8.0_261\bin;C:\Users\HARMAN\AppData\Local\Microsoft\WindowsApps;C:\Users\HARMAN\AppData\Local\Programs\Microsoft VS Code\bin
USERNAME=HARMAN
OS=Windows_NT
PROCESSOR_IDENTIFIER=Intel64 Family 6 Model 142 Stepping 10, GenuineIntel



---------------  S Y S T E M  ---------------

OS: Windows 10.0 , 64 bit Build 19041 (10.0.19041.804)

CPU:total 8 (initial active 8) (4 cores per cpu, 2 threads per core) family 6 model 142 stepping 10, cmov, cx8, fxsr, mmx, sse, sse2, sse3, ssse3, sse4.1, sse4.2, popcnt, avx, avx2, aes, clmul, erms, 3dnowpref, lzcnt, ht, tsc, tscinvbit, bmi1, bmi2, adx

Memory: 4k page, physical 8260324k(605820k free), swap 33426148k(5372k free)

vm_info: OpenJDK 64-Bit Server VM (25.242-b01) for windows-amd64 JRE (1.8.0_242-release-1644-b01), built by "builder" with MS VC++ 10.0 (VS2010)

time: Sun Mar 21 22:43:04 2021
timezone: Nepal Standard Time
elapsed time: 5 seconds (0d 0h 0m 5s)

